#-----------------------------------------------------------
# Vivado v2024.2 (64-bit)
# SW Build 5239630 on Fri Nov 08 22:34:34 MST 2024
# IP Build 5239520 on Sun Nov 10 16:12:51 MST 2024
# SharedData Build 5239561 on Fri Nov 08 14:39:27 MST 2024
# Start of session at: Tue Jun  9 14:28:39 2026
# Process ID         : 272011
# Current directory  : /home/julio/UFC/SD/CODIGOS/CPU
# Command line       : vivado -mode batch -source build.tcl
# Log file           : /home/julio/UFC/SD/CODIGOS/CPU/vivado.log
# Journal file       : /home/julio/UFC/SD/CODIGOS/CPU/vivado.jou
# Running On         : julio-IdeaPad-1-15IAU7
# Platform           : Ubuntu
# Operating System   : Ubuntu 24.04.4 LTS
# Processor Detail   : 12th Gen Intel(R) Core(TM) i5-1235U
# CPU Frequency      : 3183.385 MHz
# CPU Physical cores : 10
# CPU Logical cores  : 12
# Host memory        : 8036 MB
# Swap memory        : 4294 MB
# Total Virtual      : 12331 MB
# Available Virtual  : 6862 MB
#-----------------------------------------------------------
source build.tcl
# create_project -in_memory -part xc7z010clg400-1
# read_verilog [glob ./*.v]
# read_xdc ./zybo.xdc
# synth_design -top processador
Command: synth_design -top processador
Starting synth_design
Using part: xc7z010clg400-1
Attempting to get a license for feature 'Synthesis' and/or device 'xc7z010'
INFO: [Common 17-349] Got license for feature 'Synthesis' and/or device 'xc7z010'
INFO: [Device 21-403] Loading part xc7z010clg400-1
INFO: [Synth 8-7079] Multithreading enabled for synth_design using a maximum of 7 processes.
INFO: [Synth 8-7078] Launching helper process for spawning children vivado processes
INFO: [Synth 8-7075] Helper process launched with PID 272077
---------------------------------------------------------------------------------
Starting RTL Elaboration : Time (s): cpu = 00:00:03 ; elapsed = 00:00:03 . Memory (MB): peak = 1925.305 ; gain = 427.832 ; free physical = 999 ; free virtual = 5466
---------------------------------------------------------------------------------
INFO: [Synth 8-6157] synthesizing module 'processador' [/home/julio/UFC/SD/CODIGOS/CPU/processador.v:1]
INFO: [Synth 8-6157] synthesizing module 'MUX_2x1' [/home/julio/UFC/SD/CODIGOS/CPU/MUX_2x1.v:1]
INFO: [Synth 8-6155] done synthesizing module 'MUX_2x1' (0#1) [/home/julio/UFC/SD/CODIGOS/CPU/MUX_2x1.v:1]
INFO: [Synth 8-6157] synthesizing module 'RAM' [/home/julio/UFC/SD/CODIGOS/CPU/RAM.v:1]
INFO: [Synth 8-6155] done synthesizing module 'RAM' (0#1) [/home/julio/UFC/SD/CODIGOS/CPU/RAM.v:1]
INFO: [Synth 8-6157] synthesizing module 'PC' [/home/julio/UFC/SD/CODIGOS/CPU/PC.v:1]
INFO: [Synth 8-6155] done synthesizing module 'PC' (0#1) [/home/julio/UFC/SD/CODIGOS/CPU/PC.v:1]
INFO: [Synth 8-6157] synthesizing module 'ROM' [/home/julio/UFC/SD/CODIGOS/CPU/ROM.v:1]
INFO: [Synth 8-6155] done synthesizing module 'ROM' (0#1) [/home/julio/UFC/SD/CODIGOS/CPU/ROM.v:1]
INFO: [Synth 8-6157] synthesizing module 'FSM' [/home/julio/UFC/SD/CODIGOS/CPU/FSM.v:3]
INFO: [Synth 8-6155] done synthesizing module 'FSM' (0#1) [/home/julio/UFC/SD/CODIGOS/CPU/FSM.v:3]
INFO: [Synth 8-6157] synthesizing module 'datapath' [/home/julio/UFC/SD/CODIGOS/CPU/datapath.v:3]
	Parameter N bound to: 16 - type: integer 
INFO: [Synth 8-6157] synthesizing module 'mux_4x1' [/home/julio/UFC/SD/CODIGOS/CPU/MUX_4X1.v:3]
	Parameter N bound to: 16 - type: integer 
INFO: [Synth 8-6155] done synthesizing module 'mux_4x1' (0#1) [/home/julio/UFC/SD/CODIGOS/CPU/MUX_4X1.v:3]
INFO: [Synth 8-6157] synthesizing module 'register_file' [/home/julio/UFC/SD/CODIGOS/CPU/register_file.v:22]
	Parameter N bound to: 16 - type: integer 
INFO: [Synth 8-6155] done synthesizing module 'register_file' (0#1) [/home/julio/UFC/SD/CODIGOS/CPU/register_file.v:22]
INFO: [Synth 8-6157] synthesizing module 'ula' [/home/julio/UFC/SD/CODIGOS/CPU/ULA.v:3]
INFO: [Synth 8-6155] done synthesizing module 'ula' (0#1) [/home/julio/UFC/SD/CODIGOS/CPU/ULA.v:3]
INFO: [Synth 8-6155] done synthesizing module 'datapath' (0#1) [/home/julio/UFC/SD/CODIGOS/CPU/datapath.v:3]
INFO: [Synth 8-6155] done synthesizing module 'processador' (0#1) [/home/julio/UFC/SD/CODIGOS/CPU/processador.v:1]
WARNING: [Synth 8-7129] Port addr[15] in module RAM is either unconnected or has no load
WARNING: [Synth 8-7129] Port addr[14] in module RAM is either unconnected or has no load
WARNING: [Synth 8-7129] Port addr[13] in module RAM is either unconnected or has no load
WARNING: [Synth 8-7129] Port addr[12] in module RAM is either unconnected or has no load
WARNING: [Synth 8-7129] Port addr[11] in module RAM is either unconnected or has no load
WARNING: [Synth 8-7129] Port addr[10] in module RAM is either unconnected or has no load
---------------------------------------------------------------------------------
Finished RTL Elaboration : Time (s): cpu = 00:00:04 ; elapsed = 00:00:04 . Memory (MB): peak = 1999.273 ; gain = 501.801 ; free physical = 909 ; free virtual = 5377
---------------------------------------------------------------------------------
---------------------------------------------------------------------------------
Start Handling Custom Attributes
---------------------------------------------------------------------------------
---------------------------------------------------------------------------------
Finished Handling Custom Attributes : Time (s): cpu = 00:00:04 ; elapsed = 00:00:04 . Memory (MB): peak = 2017.086 ; gain = 519.613 ; free physical = 909 ; free virtual = 5377
---------------------------------------------------------------------------------
---------------------------------------------------------------------------------
Finished RTL Optimization Phase 1 : Time (s): cpu = 00:00:04 ; elapsed = 00:00:04 . Memory (MB): peak = 2017.086 ; gain = 519.613 ; free physical = 909 ; free virtual = 5377
---------------------------------------------------------------------------------
Netlist sorting complete. Time (s): cpu = 00:00:00.01 ; elapsed = 00:00:00 . Memory (MB): peak = 2017.086 ; gain = 0.000 ; free physical = 909 ; free virtual = 5377
INFO: [Project 1-570] Preparing netlist for logic optimization

Processing XDC Constraints
Initializing timing engine
Parsing XDC File [/home/julio/UFC/SD/CODIGOS/CPU/zybo.xdc]
Finished Parsing XDC File [/home/julio/UFC/SD/CODIGOS/CPU/zybo.xdc]
INFO: [Project 1-236] Implementation specific constraints were found while reading constraint file [/home/julio/UFC/SD/CODIGOS/CPU/zybo.xdc]. These constraints will be ignored for synthesis but will be used in implementation. Impacted constraints are listed in the file [.Xil/processador_propImpl.xdc].
Resolution: To avoid this warning, move constraints listed in [.Xil/processador_propImpl.xdc] to another XDC file and exclude this new file from synthesis with the used_in_synthesis property (File Properties dialog in GUI) and re-run elaboration/synthesis.
Completed Processing XDC Constraints

Netlist sorting complete. Time (s): cpu = 00:00:00 ; elapsed = 00:00:00 . Memory (MB): peak = 2166.836 ; gain = 0.000 ; free physical = 898 ; free virtual = 5365
INFO: [Project 1-111] Unisim Transformation Summary:
No Unisim elements were transformed.

Constraint Validation Runtime : Time (s): cpu = 00:00:00 ; elapsed = 00:00:00.01 . Memory (MB): peak = 2166.836 ; gain = 0.000 ; free physical = 898 ; free virtual = 5365
---------------------------------------------------------------------------------
Finished Constraint Validation : Time (s): cpu = 00:00:08 ; elapsed = 00:00:08 . Memory (MB): peak = 2166.836 ; gain = 669.363 ; free physical = 898 ; free virtual = 5366
---------------------------------------------------------------------------------
---------------------------------------------------------------------------------
Start Loading Part and Timing Information
---------------------------------------------------------------------------------
Loading part: xc7z010clg400-1
---------------------------------------------------------------------------------
Finished Loading Part and Timing Information : Time (s): cpu = 00:00:08 ; elapsed = 00:00:08 . Memory (MB): peak = 2174.840 ; gain = 677.367 ; free physical = 900 ; free virtual = 5368
---------------------------------------------------------------------------------
---------------------------------------------------------------------------------
Start Applying 'set_property' XDC Constraints
---------------------------------------------------------------------------------
---------------------------------------------------------------------------------
Finished applying 'set_property' XDC Constraints : Time (s): cpu = 00:00:08 ; elapsed = 00:00:08 . Memory (MB): peak = 2174.840 ; gain = 677.367 ; free physical = 906 ; free virtual = 5373
---------------------------------------------------------------------------------
---------------------------------------------------------------------------------
Finished RTL Optimization Phase 2 : Time (s): cpu = 00:00:08 ; elapsed = 00:00:08 . Memory (MB): peak = 2174.840 ; gain = 677.367 ; free physical = 899 ; free virtual = 5371
---------------------------------------------------------------------------------
---------------------------------------------------------------------------------
Start RTL Component Statistics 
---------------------------------------------------------------------------------
Detailed RTL Component Info : 
+---Adders : 
	   2 Input   16 Bit       Adders := 1     
	   3 Input   16 Bit       Adders := 1     
+---XORs : 
	   2 Input     16 Bit         XORs := 1     
+---Registers : 
	               16 Bit    Registers := 8     
	                4 Bit    Registers := 1     
	                2 Bit    Registers := 1     
+---Muxes : 
	   2 Input   16 Bit        Muxes := 14    
	   4 Input   16 Bit        Muxes := 1     
	   2 Input    8 Bit        Muxes := 2     
	   2 Input    4 Bit        Muxes := 3     
	   2 Input    3 Bit        Muxes := 15    
	   3 Input    3 Bit        Muxes := 1     
	   4 Input    3 Bit        Muxes := 1     
	   6 Input    3 Bit        Muxes := 1     
	   2 Input    2 Bit        Muxes := 4     
	   4 Input    2 Bit        Muxes := 1     
	   2 Input    1 Bit        Muxes := 25    
	   6 Input    1 Bit        Muxes := 6     
---------------------------------------------------------------------------------
Finished RTL Component Statistics 
---------------------------------------------------------------------------------
---------------------------------------------------------------------------------
Start Part Resource Summary
---------------------------------------------------------------------------------
Part Resources:
DSPs: 80 (col length:40)
BRAMs: 120 (col length: RAMB18 40 RAMB36 20)
---------------------------------------------------------------------------------
Finished Part Resource Summary
---------------------------------------------------------------------------------
---------------------------------------------------------------------------------
Start Cross Boundary and Area Optimization
---------------------------------------------------------------------------------
WARNING: [Synth 8-7080] Parallel synthesis criteria is not met
DSP Report: Generating DSP inst_ula/mul, operation Mode is: A*B.
DSP Report: operator inst_ula/mul is absorbed into DSP inst_ula/mul.
---------------------------------------------------------------------------------
Finished Cross Boundary and Area Optimization : Time (s): cpu = 00:00:11 ; elapsed = 00:00:11 . Memory (MB): peak = 2174.840 ; gain = 677.367 ; free physical = 884 ; free virtual = 5356
---------------------------------------------------------------------------------
 Sort Area is  inst_ula/mul_0 : 0 0 : 1946 1946 : Used 1 time 0
---------------------------------------------------------------------------------
Start ROM, RAM, DSP, Shift Register and Retiming Reporting
---------------------------------------------------------------------------------

ROM: Preliminary Mapping Report
+------------+------------+---------------+----------------+
|Module Name | RTL Object | Depth x Width | Implemented As | 
+------------+------------+---------------+----------------+
|ROM         | ROM        | 64x16         | LUT            | 
+------------+------------+---------------+----------------+


Distributed RAM: Preliminary Mapping Report (see note below)
+------------+-----------------+-----------+----------------------+-----------------+
|Module Name | RTL Object      | Inference | Size (Depth x Width) | Primitives      | 
+------------+-----------------+-----------+----------------------+-----------------+
|processador | ram/memoria_reg | Implied   | 1 K x 16             | RAM256X1S x 64  | 
+------------+-----------------+-----------+----------------------+-----------------+

Note: The table above is a preliminary report that shows the Distributed RAMs at the current stage of the synthesis flow. Some Distributed RAMs may be reimplemented as non Distributed RAM primitives later in the synthesis flow. Multiple instantiated RAMs are reported only once.

DSP: Preliminary Mapping Report (see note below. The ' indicates corresponding REG is set)
+------------+-------------+--------+--------+--------+--------+--------+------+------+------+------+-------+------+------+
|Module Name | DSP Mapping | A Size | B Size | C Size | D Size | P Size | AREG | BREG | CREG | DREG | ADREG | MREG | PREG | 
+------------+-------------+--------+--------+--------+--------+--------+------+------+------+------+-------+------+------+
|ula         | A*B         | 16     | 16     | -      | -      | 32     | 0    | 0    | -    | -    | -     | 0    | 0    | 
+------------+-------------+--------+--------+--------+--------+--------+------+------+------+------+-------+------+------+

Note: The table above is a preliminary report that shows the DSPs inferred at the current stage of the synthesis flow. Some DSP may be reimplemented as non DSP primitives later in the synthesis flow. Multiple instantiated DSPs are reported only once.
---------------------------------------------------------------------------------
Finished ROM, RAM, DSP, Shift Register and Retiming Reporting
---------------------------------------------------------------------------------
---------------------------------------------------------------------------------
Start Applying XDC Timing Constraints
---------------------------------------------------------------------------------
---------------------------------------------------------------------------------
Finished Applying XDC Timing Constraints : Time (s): cpu = 00:00:15 ; elapsed = 00:00:15 . Memory (MB): peak = 2239.840 ; gain = 742.367 ; free physical = 797 ; free virtual = 5261
---------------------------------------------------------------------------------
---------------------------------------------------------------------------------
Start Timing Optimization
---------------------------------------------------------------------------------
---------------------------------------------------------------------------------
Finished Timing Optimization : Time (s): cpu = 00:00:18 ; elapsed = 00:00:18 . Memory (MB): peak = 2332.113 ; gain = 834.641 ; free physical = 701 ; free virtual = 5171
---------------------------------------------------------------------------------
---------------------------------------------------------------------------------
Start ROM, RAM, DSP, Shift Register and Retiming Reporting
---------------------------------------------------------------------------------

Distributed RAM: Final Mapping Report
+------------+-----------------+-----------+----------------------+-----------------+
|Module Name | RTL Object      | Inference | Size (Depth x Width) | Primitives      | 
+------------+-----------------+-----------+----------------------+-----------------+
|processador | ram/memoria_reg | Implied   | 1 K x 16             | RAM256X1S x 64  | 
+------------+-----------------+-----------+----------------------+-----------------+

---------------------------------------------------------------------------------
Finished ROM, RAM, DSP, Shift Register and Retiming Reporting
---------------------------------------------------------------------------------
---------------------------------------------------------------------------------
Start Technology Mapping
---------------------------------------------------------------------------------
---------------------------------------------------------------------------------
Finished Technology Mapping : Time (s): cpu = 00:00:18 ; elapsed = 00:00:19 . Memory (MB): peak = 2332.113 ; gain = 834.641 ; free physical = 703 ; free virtual = 5172
---------------------------------------------------------------------------------
---------------------------------------------------------------------------------
Start IO Insertion
---------------------------------------------------------------------------------
---------------------------------------------------------------------------------
Start Flattening Before IO Insertion
---------------------------------------------------------------------------------
---------------------------------------------------------------------------------
Finished Flattening Before IO Insertion
---------------------------------------------------------------------------------
---------------------------------------------------------------------------------
Start Final Netlist Cleanup
---------------------------------------------------------------------------------
---------------------------------------------------------------------------------
Finished Final Netlist Cleanup
---------------------------------------------------------------------------------
---------------------------------------------------------------------------------
Finished IO Insertion : Time (s): cpu = 00:00:20 ; elapsed = 00:00:20 . Memory (MB): peak = 2436.926 ; gain = 939.453 ; free physical = 623 ; free virtual = 5093
---------------------------------------------------------------------------------
---------------------------------------------------------------------------------
Start Renaming Generated Instances
---------------------------------------------------------------------------------
---------------------------------------------------------------------------------
Finished Renaming Generated Instances : Time (s): cpu = 00:00:20 ; elapsed = 00:00:20 . Memory (MB): peak = 2436.926 ; gain = 939.453 ; free physical = 623 ; free virtual = 5093
---------------------------------------------------------------------------------
---------------------------------------------------------------------------------
Start Rebuilding User Hierarchy
---------------------------------------------------------------------------------
---------------------------------------------------------------------------------
Finished Rebuilding User Hierarchy : Time (s): cpu = 00:00:20 ; elapsed = 00:00:20 . Memory (MB): peak = 2436.926 ; gain = 939.453 ; free physical = 623 ; free virtual = 5094
---------------------------------------------------------------------------------
---------------------------------------------------------------------------------
Start Renaming Generated Ports
---------------------------------------------------------------------------------
---------------------------------------------------------------------------------
Finished Renaming Generated Ports : Time (s): cpu = 00:00:20 ; elapsed = 00:00:20 . Memory (MB): peak = 2436.926 ; gain = 939.453 ; free physical = 623 ; free virtual = 5093
---------------------------------------------------------------------------------
---------------------------------------------------------------------------------
Start Handling Custom Attributes
---------------------------------------------------------------------------------
---------------------------------------------------------------------------------
Finished Handling Custom Attributes : Time (s): cpu = 00:00:20 ; elapsed = 00:00:20 . Memory (MB): peak = 2436.926 ; gain = 939.453 ; free physical = 623 ; free virtual = 5093
---------------------------------------------------------------------------------
---------------------------------------------------------------------------------
Start Renaming Generated Nets
---------------------------------------------------------------------------------
---------------------------------------------------------------------------------
Finished Renaming Generated Nets : Time (s): cpu = 00:00:20 ; elapsed = 00:00:20 . Memory (MB): peak = 2436.926 ; gain = 939.453 ; free physical = 623 ; free virtual = 5093
---------------------------------------------------------------------------------
---------------------------------------------------------------------------------
Start Writing Synthesis Report
---------------------------------------------------------------------------------

DSP Final Report (the ' indicates corresponding REG is set)
+------------+-------------+--------+--------+--------+--------+--------+------+------+------+------+-------+------+------+
|Module Name | DSP Mapping | A Size | B Size | C Size | D Size | P Size | AREG | BREG | CREG | DREG | ADREG | MREG | PREG | 
+------------+-------------+--------+--------+--------+--------+--------+------+------+------+------+-------+------+------+
|ula         | A*B         | 16     | 16     | -      | -      | 32     | 0    | 0    | -    | -    | -     | 0    | 0    | 
+------------+-------------+--------+--------+--------+--------+--------+------+------+------+------+-------+------+------+


Report BlackBoxes: 
+-+--------------+----------+
| |BlackBox name |Instances |
+-+--------------+----------+
+-+--------------+----------+

Report Cell Usage: 
+------+----------+------+
|      |Cell      |Count |
+------+----------+------+
|1     |BUFG      |     1|
|2     |CARRY4    |    14|
|3     |DSP48E1   |     1|
|4     |LUT1      |     7|
|5     |LUT2      |    52|
|6     |LUT3      |   127|
|7     |LUT4      |    23|
|8     |LUT5      |    28|
|9     |LUT6      |   308|
|10    |MUXF7     |    30|
|11    |RAM256X1S |    64|
|12    |FDRE      |   130|
|13    |FDSE      |    10|
|14    |IBUF      |     6|
|15    |OBUF      |     4|
+------+----------+------+
---------------------------------------------------------------------------------
Finished Writing Synthesis Report : Time (s): cpu = 00:00:20 ; elapsed = 00:00:20 . Memory (MB): peak = 2436.926 ; gain = 939.453 ; free physical = 623 ; free virtual = 5093
---------------------------------------------------------------------------------
Synthesis finished with 0 errors, 0 critical warnings and 1 warnings.
Synthesis Optimization Runtime : Time (s): cpu = 00:00:19 ; elapsed = 00:00:19 . Memory (MB): peak = 2436.926 ; gain = 789.703 ; free physical = 622 ; free virtual = 5093
Synthesis Optimization Complete : Time (s): cpu = 00:00:20 ; elapsed = 00:00:21 . Memory (MB): peak = 2436.934 ; gain = 939.453 ; free physical = 623 ; free virtual = 5093
INFO: [Project 1-571] Translating synthesized netlist
Netlist sorting complete. Time (s): cpu = 00:00:00.01 ; elapsed = 00:00:00.01 . Memory (MB): peak = 2436.934 ; gain = 0.000 ; free physical = 789 ; free virtual = 5260
INFO: [Netlist 29-17] Analyzing 109 Unisim elements for replacement
INFO: [Netlist 29-28] Unisim Transformation completed in 0 CPU seconds
INFO: [Project 1-570] Preparing netlist for logic optimization
Parsing XDC File [/home/julio/UFC/SD/CODIGOS/CPU/zybo.xdc]
Finished Parsing XDC File [/home/julio/UFC/SD/CODIGOS/CPU/zybo.xdc]
INFO: [Opt 31-138] Pushed 0 inverter(s) to 0 load pin(s).
Netlist sorting complete. Time (s): cpu = 00:00:00 ; elapsed = 00:00:00 . Memory (MB): peak = 2492.953 ; gain = 0.000 ; free physical = 788 ; free virtual = 5257
INFO: [Project 1-111] Unisim Transformation Summary:
  A total of 64 instances were transformed.
  RAM256X1S => RAM256X1S (MUXF7(x2), MUXF8, RAMS64E(x4)): 64 instances

Synth Design complete | Checksum: ba359fe3
INFO: [Common 17-83] Releasing license: Synthesis
35 Infos, 7 Warnings, 0 Critical Warnings and 0 Errors encountered.
synth_design completed successfully
synth_design: Time (s): cpu = 00:00:26 ; elapsed = 00:00:24 . Memory (MB): peak = 2492.953 ; gain = 1020.230 ; free physical = 788 ; free virtual = 5256
INFO: [Common 17-2834] synth_design peak Physical Memory [PSS] (MB): overall = 2026.757; main = 1881.227; forked = 319.743
INFO: [Common 17-2834] synth_design peak Virtual Memory [VSS] (MB): overall = 3305.438; main = 2492.957; forked = 909.320
# opt_design
Command: opt_design
Attempting to get a license for feature 'Implementation' and/or device 'xc7z010'
INFO: [Common 17-349] Got license for feature 'Implementation' and/or device 'xc7z010'
Running DRC as a precondition to command opt_design

Starting DRC Task
INFO: [DRC 23-27] Running DRC with 8 threads
INFO: [Project 1-461] DRC finished with 0 Errors
INFO: [Project 1-462] Please refer to the DRC report (report_drc) for more information.

Time (s): cpu = 00:00:01 ; elapsed = 00:00:00.42 . Memory (MB): peak = 2492.953 ; gain = 0.000 ; free physical = 786 ; free virtual = 5254

Starting Cache Timing Information Task
INFO: [Timing 38-35] Done setting XDC timing constraints.
Ending Cache Timing Information Task | Checksum: 1a7fff756

Time (s): cpu = 00:00:04 ; elapsed = 00:00:04 . Memory (MB): peak = 2584.766 ; gain = 91.812 ; free physical = 685 ; free virtual = 5154

Starting Logic Optimization Task

Phase 1 Initialization

Phase 1.1 Core Generation And Design Setup
Phase 1.1 Core Generation And Design Setup | Checksum: 1a7fff756

Time (s): cpu = 00:00:00 ; elapsed = 00:00:00 . Memory (MB): peak = 2849.734 ; gain = 0.000 ; free physical = 392 ; free virtual = 4861

Phase 1.2 Setup Constraints And Sort Netlist
Phase 1.2 Setup Constraints And Sort Netlist | Checksum: 1a7fff756

Time (s): cpu = 00:00:00 ; elapsed = 00:00:00 . Memory (MB): peak = 2849.734 ; gain = 0.000 ; free physical = 392 ; free virtual = 4861
Phase 1 Initialization | Checksum: 1a7fff756

Time (s): cpu = 00:00:00 ; elapsed = 00:00:00 . Memory (MB): peak = 2849.734 ; gain = 0.000 ; free physical = 392 ; free virtual = 4861

Phase 2 Timer Update And Timing Data Collection

Phase 2.1 Timer Update
Phase 2.1 Timer Update | Checksum: 1a7fff756

Time (s): cpu = 00:00:00.08 ; elapsed = 00:00:00.02 . Memory (MB): peak = 2849.734 ; gain = 0.000 ; free physical = 393 ; free virtual = 4861

Phase 2.2 Timing Data Collection
Phase 2.2 Timing Data Collection | Checksum: 1a7fff756

Time (s): cpu = 00:00:00.09 ; elapsed = 00:00:00.02 . Memory (MB): peak = 2849.734 ; gain = 0.000 ; free physical = 393 ; free virtual = 4861
Phase 2 Timer Update And Timing Data Collection | Checksum: 1a7fff756

Time (s): cpu = 00:00:00.09 ; elapsed = 00:00:00.02 . Memory (MB): peak = 2849.734 ; gain = 0.000 ; free physical = 393 ; free virtual = 4861

Phase 3 Retarget
INFO: [Opt 31-1851] Number of loadless carry chains removed were: 0
INFO: [Opt 31-1834] Total Chains To Be Transformed Were: 0 AND Number of Transformed insts Created are: 0
INFO: [Opt 31-1566] Pulled 3 inverters resulting in an inversion of 10 pins
INFO: [Opt 31-138] Pushed 0 inverter(s) to 0 load pin(s).
INFO: [Opt 31-49] Retargeted 0 cell(s).
Phase 3 Retarget | Checksum: 14a793b1d

Time (s): cpu = 00:00:00.18 ; elapsed = 00:00:00.05 . Memory (MB): peak = 2849.734 ; gain = 0.000 ; free physical = 388 ; free virtual = 4860
Retarget | Checksum: 14a793b1d
INFO: [Opt 31-389] Phase Retarget created 0 cells and removed 3 cells

Phase 4 Constant propagation
INFO: [Opt 31-138] Pushed 0 inverter(s) to 0 load pin(s).
Phase 4 Constant propagation | Checksum: 14a793b1d

Time (s): cpu = 00:00:00.19 ; elapsed = 00:00:00.05 . Memory (MB): peak = 2849.734 ; gain = 0.000 ; free physical = 388 ; free virtual = 4860
Constant propagation | Checksum: 14a793b1d
INFO: [Opt 31-389] Phase Constant propagation created 0 cells and removed 0 cells

Phase 5 Sweep
INFO: [Constraints 18-11670] Building netlist checker database with flags, 0x8
Done building netlist checker database: Time (s): cpu = 00:00:00 ; elapsed = 00:00:00 . Memory (MB): peak = 2849.734 ; gain = 0.000 ; free physical = 386 ; free virtual = 4859
Phase 5 Sweep | Checksum: 11886ec01

Time (s): cpu = 00:00:00.2 ; elapsed = 00:00:00.06 . Memory (MB): peak = 2849.734 ; gain = 0.000 ; free physical = 386 ; free virtual = 4859
Sweep | Checksum: 11886ec01
INFO: [Opt 31-389] Phase Sweep created 0 cells and removed 0 cells

Phase 6 BUFG optimization
Phase 6 BUFG optimization | Checksum: 11886ec01

Time (s): cpu = 00:00:00.24 ; elapsed = 00:00:00.07 . Memory (MB): peak = 2881.750 ; gain = 32.016 ; free physical = 386 ; free virtual = 4858
BUFG optimization | Checksum: 11886ec01
INFO: [Opt 31-662] Phase BUFG optimization created 0 cells of which 0 are BUFGs and removed 0 cells.

Phase 7 Shift Register Optimization
INFO: [Opt 31-1064] SRL Remap converted 0 SRLs to 0 registers and converted 0 registers of register chains to 0 SRLs
Phase 7 Shift Register Optimization | Checksum: 11886ec01

Time (s): cpu = 00:00:00.24 ; elapsed = 00:00:00.07 . Memory (MB): peak = 2881.750 ; gain = 32.016 ; free physical = 386 ; free virtual = 4858
Shift Register Optimization | Checksum: 11886ec01
INFO: [Opt 31-389] Phase Shift Register Optimization created 0 cells and removed 0 cells

Phase 8 Post Processing Netlist
Phase 8 Post Processing Netlist | Checksum: 11886ec01

Time (s): cpu = 00:00:00.24 ; elapsed = 00:00:00.08 . Memory (MB): peak = 2881.750 ; gain = 32.016 ; free physical = 385 ; free virtual = 4858
Post Processing Netlist | Checksum: 11886ec01
INFO: [Opt 31-389] Phase Post Processing Netlist created 0 cells and removed 0 cells

Phase 9 Finalization

Phase 9.1 Finalizing Design Cores and Updating Shapes
Phase 9.1 Finalizing Design Cores and Updating Shapes | Checksum: 2556cab09

Time (s): cpu = 00:00:00.34 ; elapsed = 00:00:00.1 . Memory (MB): peak = 2881.750 ; gain = 32.016 ; free physical = 385 ; free virtual = 4858

Phase 9.2 Verifying Netlist Connectivity

Starting Connectivity Check Task

Time (s): cpu = 00:00:00.01 ; elapsed = 00:00:00 . Memory (MB): peak = 2881.750 ; gain = 0.000 ; free physical = 385 ; free virtual = 4858
Phase 9.2 Verifying Netlist Connectivity | Checksum: 2556cab09

Time (s): cpu = 00:00:00.35 ; elapsed = 00:00:00.1 . Memory (MB): peak = 2881.750 ; gain = 32.016 ; free physical = 385 ; free virtual = 4858
Phase 9 Finalization | Checksum: 2556cab09

Time (s): cpu = 00:00:00.35 ; elapsed = 00:00:00.1 . Memory (MB): peak = 2881.750 ; gain = 32.016 ; free physical = 385 ; free virtual = 4858
Opt_design Change Summary
=========================


-------------------------------------------------------------------------------------------------------------------------
|  Phase                        |  #Cells created  |  #Cells Removed  |  #Constrained objects preventing optimizations  |
-------------------------------------------------------------------------------------------------------------------------
|  Retarget                     |               0  |               3  |                                              0  |
|  Constant propagation         |               0  |               0  |                                              0  |
|  Sweep                        |               0  |               0  |                                              0  |
|  BUFG optimization            |               0  |               0  |                                              0  |
|  Shift Register Optimization  |               0  |               0  |                                              0  |
|  Post Processing Netlist      |               0  |               0  |                                              0  |
-------------------------------------------------------------------------------------------------------------------------


Ending Logic Optimization Task | Checksum: 2556cab09

Time (s): cpu = 00:00:00.35 ; elapsed = 00:00:00.1 . Memory (MB): peak = 2881.750 ; gain = 32.016 ; free physical = 384 ; free virtual = 4857

Starting Power Optimization Task
INFO: [Pwropt 34-132] Skipping clock gating for clocks with a period < 2.00 ns.
Ending Power Optimization Task | Checksum: 2556cab09

Time (s): cpu = 00:00:00 ; elapsed = 00:00:00.01 . Memory (MB): peak = 2881.750 ; gain = 0.000 ; free physical = 384 ; free virtual = 4857

Starting Final Cleanup Task
Ending Final Cleanup Task | Checksum: 2556cab09

Time (s): cpu = 00:00:00 ; elapsed = 00:00:00 . Memory (MB): peak = 2881.750 ; gain = 0.000 ; free physical = 384 ; free virtual = 4857

Starting Netlist Obfuscation Task
Netlist sorting complete. Time (s): cpu = 00:00:00 ; elapsed = 00:00:00 . Memory (MB): peak = 2881.750 ; gain = 0.000 ; free physical = 384 ; free virtual = 4857
Ending Netlist Obfuscation Task | Checksum: 2556cab09

Time (s): cpu = 00:00:00 ; elapsed = 00:00:00 . Memory (MB): peak = 2881.750 ; gain = 0.000 ; free physical = 384 ; free virtual = 4857
INFO: [Common 17-83] Releasing license: Implementation
21 Infos, 0 Warnings, 0 Critical Warnings and 0 Errors encountered.
opt_design completed successfully
opt_design: Time (s): cpu = 00:00:07 ; elapsed = 00:00:06 . Memory (MB): peak = 2881.750 ; gain = 388.797 ; free physical = 384 ; free virtual = 4857
# place_design
Command: place_design
Attempting to get a license for feature 'Implementation' and/or device 'xc7z010'
INFO: [Common 17-349] Got license for feature 'Implementation' and/or device 'xc7z010'
INFO: [Common 17-83] Releasing license: Implementation
INFO: [DRC 23-27] Running DRC with 8 threads
INFO: [Vivado_Tcl 4-198] DRC finished with 0 Errors
INFO: [Vivado_Tcl 4-199] Please refer to the DRC report (report_drc) for more information.
Running DRC as a precondition to command place_design
INFO: [DRC 23-27] Running DRC with 8 threads
INFO: [Vivado_Tcl 4-198] DRC finished with 0 Errors
INFO: [Vivado_Tcl 4-199] Please refer to the DRC report (report_drc) for more information.
INFO: [Place 30-611] Multithreading enabled for place_design using a maximum of 8 CPUs

Starting Placer Task

Phase 1 Placer Initialization

Phase 1.1 Placer Initialization Netlist Sorting
Netlist sorting complete. Time (s): cpu = 00:00:00 ; elapsed = 00:00:00 . Memory (MB): peak = 2881.750 ; gain = 0.000 ; free physical = 398 ; free virtual = 4871
Phase 1.1 Placer Initialization Netlist Sorting | Checksum: 176642083

Time (s): cpu = 00:00:00 ; elapsed = 00:00:00 . Memory (MB): peak = 2881.750 ; gain = 0.000 ; free physical = 398 ; free virtual = 4871
Netlist sorting complete. Time (s): cpu = 00:00:00 ; elapsed = 00:00:00 . Memory (MB): peak = 2881.750 ; gain = 0.000 ; free physical = 398 ; free virtual = 4871

Phase 1.2 IO Placement/ Clock Placement/ Build Placer Device
INFO: [Timing 38-35] Done setting XDC timing constraints.
Phase 1.2 IO Placement/ Clock Placement/ Build Placer Device | Checksum: ea599934

Time (s): cpu = 00:00:00.35 ; elapsed = 00:00:00.1 . Memory (MB): peak = 2881.750 ; gain = 0.000 ; free physical = 398 ; free virtual = 4871

Phase 1.3 Build Placer Netlist Model
Phase 1.3 Build Placer Netlist Model | Checksum: 12f76c09b

Time (s): cpu = 00:00:00.93 ; elapsed = 00:00:00.29 . Memory (MB): peak = 2920.793 ; gain = 39.043 ; free physical = 397 ; free virtual = 4870

Phase 1.4 Constrain Clocks/Macros
Phase 1.4 Constrain Clocks/Macros | Checksum: 12f76c09b

Time (s): cpu = 00:00:00.93 ; elapsed = 00:00:00.29 . Memory (MB): peak = 2920.793 ; gain = 39.043 ; free physical = 397 ; free virtual = 4870
Phase 1 Placer Initialization | Checksum: 12f76c09b

Time (s): cpu = 00:00:00.94 ; elapsed = 00:00:00.29 . Memory (MB): peak = 2920.793 ; gain = 39.043 ; free physical = 397 ; free virtual = 4870

Phase 2 Global Placement

Phase 2.1 Floorplanning
Phase 2.1 Floorplanning | Checksum: 1a262b306

Time (s): cpu = 00:00:01 ; elapsed = 00:00:00.38 . Memory (MB): peak = 2920.793 ; gain = 39.043 ; free physical = 399 ; free virtual = 4872

Phase 2.2 Update Timing before SLR Path Opt
Phase 2.2 Update Timing before SLR Path Opt | Checksum: 13b41259d

Time (s): cpu = 00:00:01 ; elapsed = 00:00:00.44 . Memory (MB): peak = 2920.793 ; gain = 39.043 ; free physical = 399 ; free virtual = 4872

Phase 2.3 Post-Processing in Floorplanning
Phase 2.3 Post-Processing in Floorplanning | Checksum: 13b41259d

Time (s): cpu = 00:00:01 ; elapsed = 00:00:00.44 . Memory (MB): peak = 2920.793 ; gain = 39.043 ; free physical = 399 ; free virtual = 4872

Phase 2.4 Global Place Phase1
Phase 2.4 Global Place Phase1 | Checksum: 1b5cb4240

Time (s): cpu = 00:00:08 ; elapsed = 00:00:03 . Memory (MB): peak = 2920.793 ; gain = 39.043 ; free physical = 420 ; free virtual = 4889

Phase 2.5 Global Place Phase2

Phase 2.5.1 UpdateTiming Before Physical Synthesis
Phase 2.5.1 UpdateTiming Before Physical Synthesis | Checksum: 22a2e80ba

Time (s): cpu = 00:00:08 ; elapsed = 00:00:03 . Memory (MB): peak = 2920.793 ; gain = 39.043 ; free physical = 417 ; free virtual = 4886

Phase 2.5.2 Physical Synthesis In Placer
INFO: [Physopt 32-1035] Found 21 LUTNM shape to break, 2 LUT instances to create LUTNM shape
INFO: [Physopt 32-1044] Break lutnm for timing: one critical 4, two critical 17, total 21, new lutff created 0
INFO: [Physopt 32-1138] End 1 Pass. Optimized 21 nets or LUTs. Breaked 21 LUTs, combined 0 existing LUT and moved 0 existing LUT
INFO: [Physopt 32-65] No nets found for high-fanout optimization.
INFO: [Physopt 32-232] Optimized 0 net. Created 0 new instance.
INFO: [Physopt 32-775] End 1 Pass. Optimized 0 net or cell. Created 0 new cell, deleted 0 existing cell and moved 0 existing cell
INFO: [Physopt 32-456] No candidate cells for DSP register optimization found in the design.
INFO: [Physopt 32-775] End 2 Pass. Optimized 0 net or cell. Created 0 new cell, deleted 0 existing cell and moved 0 existing cell
INFO: [Physopt 32-1123] No candidate cells found for Shift Register to Pipeline optimization
INFO: [Physopt 32-775] End 2 Pass. Optimized 0 net or cell. Created 0 new cell, deleted 0 existing cell and moved 0 existing cell
INFO: [Physopt 32-1401] No candidate cells found for Shift Register optimization.
INFO: [Physopt 32-677] No candidate cells for Shift Register optimization found in the design
INFO: [Physopt 32-775] End 1 Pass. Optimized 0 net or cell. Created 0 new cell, deleted 0 existing cell and moved 0 existing cell
INFO: [Physopt 32-526] No candidate cells for BRAM register optimization found in the design
INFO: [Physopt 32-775] End 1 Pass. Optimized 0 net or cell. Created 0 new cell, deleted 0 existing cell and moved 0 existing cell
INFO: [Physopt 32-846] No candidate cells for URAM register optimization found in the design
INFO: [Physopt 32-775] End 1 Pass. Optimized 0 net or cell. Created 0 new cell, deleted 0 existing cell and moved 0 existing cell
INFO: [Physopt 32-846] No candidate cells for URAM register optimization found in the design
INFO: [Physopt 32-775] End 1 Pass. Optimized 0 net or cell. Created 0 new cell, deleted 0 existing cell and moved 0 existing cell
INFO: [Physopt 32-949] No candidate nets found for dynamic/static region interface net replication
INFO: [Physopt 32-775] End 1 Pass. Optimized 0 net or cell. Created 0 new cell, deleted 0 existing cell and moved 0 existing cell
Netlist sorting complete. Time (s): cpu = 00:00:00 ; elapsed = 00:00:00 . Memory (MB): peak = 2920.793 ; gain = 0.000 ; free physical = 415 ; free virtual = 4884

Summary of Physical Synthesis Optimizations
============================================


-----------------------------------------------------------------------------------------------------------------------------------------------------------
|  Optimization                                     |  Added Cells  |  Removed Cells  |  Optimized Cells/Nets  |  Dont Touch  |  Iterations  |  Elapsed   |
-----------------------------------------------------------------------------------------------------------------------------------------------------------
|  LUT Combining                                    |           21  |              0  |                    21  |           0  |           1  |  00:00:00  |
|  Retime                                           |            0  |              0  |                     0  |           0  |           1  |  00:00:00  |
|  Very High Fanout                                 |            0  |              0  |                     0  |           0  |           1  |  00:00:00  |
|  DSP Register                                     |            0  |              0  |                     0  |           0  |           1  |  00:00:00  |
|  Shift Register to Pipeline                       |            0  |              0  |                     0  |           0  |           1  |  00:00:00  |
|  Shift Register                                   |            0  |              0  |                     0  |           0  |           1  |  00:00:00  |
|  BRAM Register                                    |            0  |              0  |                     0  |           0  |           1  |  00:00:00  |
|  URAM Register                                    |            0  |              0  |                     0  |           0  |           1  |  00:00:00  |
|  Dynamic/Static Region Interface Net Replication  |            0  |              0  |                     0  |           0  |           1  |  00:00:00  |
|  Total                                            |           21  |              0  |                    21  |           0  |           9  |  00:00:00  |
-----------------------------------------------------------------------------------------------------------------------------------------------------------


Phase 2.5.2 Physical Synthesis In Placer | Checksum: 25141cf2e

Time (s): cpu = 00:00:09 ; elapsed = 00:00:03 . Memory (MB): peak = 2920.793 ; gain = 39.043 ; free physical = 414 ; free virtual = 4883
Phase 2.5 Global Place Phase2 | Checksum: 2881f72c4

Time (s): cpu = 00:00:09 ; elapsed = 00:00:03 . Memory (MB): peak = 2920.793 ; gain = 39.043 ; free physical = 414 ; free virtual = 4883
Phase 2 Global Placement | Checksum: 2881f72c4

Time (s): cpu = 00:00:09 ; elapsed = 00:00:03 . Memory (MB): peak = 2920.793 ; gain = 39.043 ; free physical = 414 ; free virtual = 4883

Phase 3 Detail Placement

Phase 3.1 Commit Multi Column Macros
Phase 3.1 Commit Multi Column Macros | Checksum: 249f538ba

Time (s): cpu = 00:00:09 ; elapsed = 00:00:03 . Memory (MB): peak = 2920.793 ; gain = 39.043 ; free physical = 412 ; free virtual = 4881

Phase 3.2 Commit Most Macros & LUTRAMs
Phase 3.2 Commit Most Macros & LUTRAMs | Checksum: 227fddd4e

Time (s): cpu = 00:00:09 ; elapsed = 00:00:03 . Memory (MB): peak = 2920.793 ; gain = 39.043 ; free physical = 411 ; free virtual = 4880

Phase 3.3 Area Swap Optimization
Phase 3.3 Area Swap Optimization | Checksum: 1ae6fdbe6

Time (s): cpu = 00:00:10 ; elapsed = 00:00:03 . Memory (MB): peak = 2920.793 ; gain = 39.043 ; free physical = 411 ; free virtual = 4880

Phase 3.4 Pipeline Register Optimization
Phase 3.4 Pipeline Register Optimization | Checksum: 1c6b4e931

Time (s): cpu = 00:00:10 ; elapsed = 00:00:03 . Memory (MB): peak = 2920.793 ; gain = 39.043 ; free physical = 411 ; free virtual = 4880

Phase 3.5 Fast Optimization
Phase 3.5 Fast Optimization | Checksum: 1cc940fb4

Time (s): cpu = 00:00:11 ; elapsed = 00:00:04 . Memory (MB): peak = 2920.793 ; gain = 39.043 ; free physical = 412 ; free virtual = 4881

Phase 3.6 Small Shape Detail Placement
Phase 3.6 Small Shape Detail Placement | Checksum: 1d4f6edcd

Time (s): cpu = 00:00:11 ; elapsed = 00:00:04 . Memory (MB): peak = 2920.793 ; gain = 39.043 ; free physical = 413 ; free virtual = 4882

Phase 3.7 Re-assign LUT pins
Phase 3.7 Re-assign LUT pins | Checksum: 18553d65b

Time (s): cpu = 00:00:11 ; elapsed = 00:00:04 . Memory (MB): peak = 2920.793 ; gain = 39.043 ; free physical = 413 ; free virtual = 4882

Phase 3.8 Pipeline Register Optimization
Phase 3.8 Pipeline Register Optimization | Checksum: 16d2ec4ae

Time (s): cpu = 00:00:11 ; elapsed = 00:00:04 . Memory (MB): peak = 2920.793 ; gain = 39.043 ; free physical = 413 ; free virtual = 4882

Phase 3.9 Fast Optimization
Phase 3.9 Fast Optimization | Checksum: 1854569f2

Time (s): cpu = 00:00:13 ; elapsed = 00:00:06 . Memory (MB): peak = 2920.793 ; gain = 39.043 ; free physical = 413 ; free virtual = 4882
Phase 3 Detail Placement | Checksum: 1854569f2

Time (s): cpu = 00:00:13 ; elapsed = 00:00:06 . Memory (MB): peak = 2920.793 ; gain = 39.043 ; free physical = 413 ; free virtual = 4882

Phase 4 Post Placement Optimization and Clean-Up

Phase 4.1 Post Commit Optimization
INFO: [Timing 38-35] Done setting XDC timing constraints.

Phase 4.1.1 Post Placement Optimization
Post Placement Optimization Initialization | Checksum: 14f9ff9ba

Phase 4.1.1.1 BUFG Insertion

Starting Physical Synthesis Task

Phase 1 Physical Synthesis Initialization
INFO: [Physopt 32-721] Multithreading enabled for phys_opt_design using a maximum of 8 CPUs
INFO: [Physopt 32-619] Estimated Timing Summary | WNS=-8.833 | TNS=-9693.914 |
Phase 1 Physical Synthesis Initialization | Checksum: 177cae812

Time (s): cpu = 00:00:00.16 ; elapsed = 00:00:00.07 . Memory (MB): peak = 2920.793 ; gain = 0.000 ; free physical = 407 ; free virtual = 4882
INFO: [Place 46-56] BUFG insertion identified 0 candidate nets. Inserted BUFG: 0, Replicated BUFG Driver: 0, Skipped due to Placement/Routing Conflicts: 0, Skipped due to Timing Degradation: 0, Skipped due to netlist editing failed: 0.
Ending Physical Synthesis Task | Checksum: 1a8719c1a

Time (s): cpu = 00:00:00.17 ; elapsed = 00:00:00.07 . Memory (MB): peak = 2920.793 ; gain = 0.000 ; free physical = 407 ; free virtual = 4882
Phase 4.1.1.1 BUFG Insertion | Checksum: 14f9ff9ba

Time (s): cpu = 00:00:14 ; elapsed = 00:00:06 . Memory (MB): peak = 2920.793 ; gain = 39.043 ; free physical = 407 ; free virtual = 4882

Phase 4.1.1.2 Post Placement Timing Optimization
INFO: [Place 30-746] Post Placement Timing Summary WNS=-7.575. For the most accurate timing information please run report_timing.
Phase 4.1.1.2 Post Placement Timing Optimization | Checksum: bad6986a

Time (s): cpu = 00:00:26 ; elapsed = 00:00:17 . Memory (MB): peak = 2920.793 ; gain = 39.043 ; free physical = 418 ; free virtual = 4887

Time (s): cpu = 00:00:26 ; elapsed = 00:00:17 . Memory (MB): peak = 2920.793 ; gain = 39.043 ; free physical = 418 ; free virtual = 4887
Phase 4.1 Post Commit Optimization | Checksum: bad6986a

Time (s): cpu = 00:00:26 ; elapsed = 00:00:17 . Memory (MB): peak = 2920.793 ; gain = 39.043 ; free physical = 418 ; free virtual = 4887

Phase 4.2 Post Placement Cleanup
Phase 4.2 Post Placement Cleanup | Checksum: bad6986a

Time (s): cpu = 00:00:26 ; elapsed = 00:00:17 . Memory (MB): peak = 2920.793 ; gain = 39.043 ; free physical = 410 ; free virtual = 4887

Phase 4.3 Placer Reporting

Phase 4.3.1 Print Estimated Congestion
INFO: [Place 30-612] Post-Placement Estimated Congestion 
 ____________________________________________________
|           | Global Congestion | Short Congestion  |
| Direction | Region Size       | Region Size       |
|___________|___________________|___________________|
|      North|                1x1|                2x2|
|___________|___________________|___________________|
|      South|                1x1|                1x1|
|___________|___________________|___________________|
|       East|                1x1|                1x1|
|___________|___________________|___________________|
|       West|                1x1|                1x1|
|___________|___________________|___________________|

Phase 4.3.1 Print Estimated Congestion | Checksum: bad6986a

Time (s): cpu = 00:00:26 ; elapsed = 00:00:17 . Memory (MB): peak = 2920.793 ; gain = 39.043 ; free physical = 416 ; free virtual = 4889
Phase 4.3 Placer Reporting | Checksum: bad6986a

Time (s): cpu = 00:00:26 ; elapsed = 00:00:17 . Memory (MB): peak = 2920.793 ; gain = 39.043 ; free physical = 416 ; free virtual = 4889

Phase 4.4 Final Placement Cleanup
Netlist sorting complete. Time (s): cpu = 00:00:00 ; elapsed = 00:00:00 . Memory (MB): peak = 2920.793 ; gain = 0.000 ; free physical = 416 ; free virtual = 4889

Time (s): cpu = 00:00:26 ; elapsed = 00:00:17 . Memory (MB): peak = 2920.793 ; gain = 39.043 ; free physical = 416 ; free virtual = 4889
Phase 4 Post Placement Optimization and Clean-Up | Checksum: f32a12c0

Time (s): cpu = 00:00:26 ; elapsed = 00:00:17 . Memory (MB): peak = 2920.793 ; gain = 39.043 ; free physical = 416 ; free virtual = 4889
Ending Placer Task | Checksum: dde447af

Time (s): cpu = 00:00:26 ; elapsed = 00:00:17 . Memory (MB): peak = 2920.793 ; gain = 39.043 ; free physical = 416 ; free virtual = 4889
37 Infos, 0 Warnings, 0 Critical Warnings and 0 Errors encountered.
place_design completed successfully
place_design: Time (s): cpu = 00:00:29 ; elapsed = 00:00:17 . Memory (MB): peak = 2920.793 ; gain = 39.043 ; free physical = 416 ; free virtual = 4889
# route_design
Command: route_design
Attempting to get a license for feature 'Implementation' and/or device 'xc7z010'
INFO: [Common 17-349] Got license for feature 'Implementation' and/or device 'xc7z010'


Starting Routing Task
INFO: [Route 35-254] Multithreading enabled for route_design using a maximum of 8 CPUs

Phase 1 Build RT Design
Checksum: PlaceDB: 296d00c8 ConstDB: 0 ShapeSum: 4adeefbc RouteDB: 6998572b
Post Restoration Checksum: NetGraph: f54889a6 | NumContArr: 7a731d56 | Constraints: c2a8fa9d | Timing: c2a8fa9d
Phase 1 Build RT Design | Checksum: 2f50d9c36

Time (s): cpu = 00:00:07 ; elapsed = 00:00:06 . Memory (MB): peak = 2920.793 ; gain = 0.000 ; free physical = 421 ; free virtual = 4894

Phase 2 Router Initialization

Phase 2.1 Fix Topology Constraints
Phase 2.1 Fix Topology Constraints | Checksum: 2f50d9c36

Time (s): cpu = 00:00:07 ; elapsed = 00:00:06 . Memory (MB): peak = 2920.793 ; gain = 0.000 ; free physical = 421 ; free virtual = 4893

Phase 2.2 Pre Route Cleanup
Phase 2.2 Pre Route Cleanup | Checksum: 2f50d9c36

Time (s): cpu = 00:00:07 ; elapsed = 00:00:06 . Memory (MB): peak = 2920.793 ; gain = 0.000 ; free physical = 421 ; free virtual = 4893
 Number of Nodes with overlaps = 0

Phase 2.3 Update Timing
Phase 2.3 Update Timing | Checksum: 31dac13bd

Time (s): cpu = 00:00:08 ; elapsed = 00:00:06 . Memory (MB): peak = 2920.793 ; gain = 0.000 ; free physical = 420 ; free virtual = 4893
INFO: [Route 35-416] Intermediate Timing Summary | WNS=-7.258 | TNS=-10424.414| WHS=0.002  | THS=0.000  |


Router Utilization Summary
  Global Vertical Routing Utilization    = 0 %
  Global Horizontal Routing Utilization  = 0 %
  Routable Net Status*
  *Does not include unroutable nets such as driverless and loadless.
  Run report_route_status for detailed report.
  Number of Failed Nets               = 694
    (Failed Nets is the sum of unrouted and partially routed nets)
  Number of Unrouted Nets             = 694
  Number of Partially Routed Nets     = 0
  Number of Node Overlaps             = 0

Phase 2 Router Initialization | Checksum: 294a8f4b6

Time (s): cpu = 00:00:08 ; elapsed = 00:00:06 . Memory (MB): peak = 2920.793 ; gain = 0.000 ; free physical = 420 ; free virtual = 4893

Phase 3 Global Routing
Phase 3 Global Routing | Checksum: 294a8f4b6

Time (s): cpu = 00:00:08 ; elapsed = 00:00:06 . Memory (MB): peak = 2920.793 ; gain = 0.000 ; free physical = 420 ; free virtual = 4893

Phase 4 Initial Routing

Phase 4.1 Initial Net Routing Pass
Phase 4.1 Initial Net Routing Pass | Checksum: 1c9309337

Time (s): cpu = 00:00:09 ; elapsed = 00:00:06 . Memory (MB): peak = 2920.793 ; gain = 0.000 ; free physical = 419 ; free virtual = 4892
Phase 4 Initial Routing | Checksum: 1c9309337

Time (s): cpu = 00:00:09 ; elapsed = 00:00:06 . Memory (MB): peak = 2920.793 ; gain = 0.000 ; free physical = 419 ; free virtual = 4892

Phase 5 Rip-up And Reroute

Phase 5.1 Global Iteration 0
 Number of Nodes with overlaps = 280
 Number of Nodes with overlaps = 121
 Number of Nodes with overlaps = 57
 Number of Nodes with overlaps = 36
 Number of Nodes with overlaps = 17
 Number of Nodes with overlaps = 13
 Number of Nodes with overlaps = 5
 Number of Nodes with overlaps = 6
 Number of Nodes with overlaps = 3
 Number of Nodes with overlaps = 1
 Number of Nodes with overlaps = 1
 Number of Nodes with overlaps = 0
INFO: [Route 35-416] Intermediate Timing Summary | WNS=-8.192 | TNS=-14169.996| WHS=N/A    | THS=N/A    |

Phase 5.1 Global Iteration 0 | Checksum: 2a2c1b9e5

Time (s): cpu = 00:00:14 ; elapsed = 00:00:09 . Memory (MB): peak = 2920.793 ; gain = 0.000 ; free physical = 417 ; free virtual = 4890

Phase 5.2 Global Iteration 1
 Number of Nodes with overlaps = 48
 Number of Nodes with overlaps = 51
 Number of Nodes with overlaps = 39
 Number of Nodes with overlaps = 42
 Number of Nodes with overlaps = 37
 Number of Nodes with overlaps = 23
 Number of Nodes with overlaps = 19
 Number of Nodes with overlaps = 22
 Number of Nodes with overlaps = 19
 Number of Nodes with overlaps = 6
 Number of Nodes with overlaps = 7
 Number of Nodes with overlaps = 2
 Number of Nodes with overlaps = 9
 Number of Nodes with overlaps = 4
 Number of Nodes with overlaps = 3
 Number of Nodes with overlaps = 11
 Number of Nodes with overlaps = 5
 Number of Nodes with overlaps = 2
 Number of Nodes with overlaps = 1
 Number of Nodes with overlaps = 3
 Number of Nodes with overlaps = 6
 Number of Nodes with overlaps = 2
 Number of Nodes with overlaps = 1
 Number of Nodes with overlaps = 1
 Number of Nodes with overlaps = 2
 Number of Nodes with overlaps = 0
INFO: [Route 35-416] Intermediate Timing Summary | WNS=-7.751 | TNS=-14104.147| WHS=N/A    | THS=N/A    |

Phase 5.2 Global Iteration 1 | Checksum: 2574e48a0

Time (s): cpu = 00:00:19 ; elapsed = 00:00:14 . Memory (MB): peak = 2920.793 ; gain = 0.000 ; free physical = 419 ; free virtual = 4892

Phase 5.3 Global Iteration 2
 Number of Nodes with overlaps = 69
 Number of Nodes with overlaps = 76
 Number of Nodes with overlaps = 80
 Number of Nodes with overlaps = 53
 Number of Nodes with overlaps = 35
 Number of Nodes with overlaps = 25
 Number of Nodes with overlaps = 19
 Number of Nodes with overlaps = 20
 Number of Nodes with overlaps = 15
 Number of Nodes with overlaps = 2
 Number of Nodes with overlaps = 0
INFO: [Route 35-416] Intermediate Timing Summary | WNS=-8.073 | TNS=-14595.369| WHS=N/A    | THS=N/A    |

Phase 5.3 Global Iteration 2 | Checksum: 1df392401

Time (s): cpu = 00:00:23 ; elapsed = 00:00:17 . Memory (MB): peak = 2920.793 ; gain = 0.000 ; free physical = 417 ; free virtual = 4888
Phase 5 Rip-up And Reroute | Checksum: 1df392401

Time (s): cpu = 00:00:23 ; elapsed = 00:00:17 . Memory (MB): peak = 2920.793 ; gain = 0.000 ; free physical = 417 ; free virtual = 4888

Phase 6 Delay and Skew Optimization

Phase 6.1 Delay CleanUp

Phase 6.1.1 Update Timing
Phase 6.1.1 Update Timing | Checksum: 1d6814bb3

Time (s): cpu = 00:00:24 ; elapsed = 00:00:17 . Memory (MB): peak = 2920.793 ; gain = 0.000 ; free physical = 416 ; free virtual = 4888
INFO: [Route 35-416] Intermediate Timing Summary | WNS=-7.636 | TNS=-13809.282| WHS=N/A    | THS=N/A    |

 Number of Nodes with overlaps = 0
Phase 6.1 Delay CleanUp | Checksum: 213f56a41

Time (s): cpu = 00:00:24 ; elapsed = 00:00:17 . Memory (MB): peak = 2920.793 ; gain = 0.000 ; free physical = 416 ; free virtual = 4888

Phase 6.2 Clock Skew Optimization
Phase 6.2 Clock Skew Optimization | Checksum: 213f56a41

Time (s): cpu = 00:00:24 ; elapsed = 00:00:17 . Memory (MB): peak = 2920.793 ; gain = 0.000 ; free physical = 416 ; free virtual = 4888
Phase 6 Delay and Skew Optimization | Checksum: 213f56a41

Time (s): cpu = 00:00:24 ; elapsed = 00:00:17 . Memory (MB): peak = 2920.793 ; gain = 0.000 ; free physical = 416 ; free virtual = 4888

Phase 7 Post Hold Fix

Phase 7.1 Hold Fix Iter
INFO: [Route 35-416] Intermediate Timing Summary | WNS=-7.604 | TNS=-13623.898| WHS=0.389  | THS=0.000  |

Phase 7.1 Hold Fix Iter | Checksum: 176e166c6

Time (s): cpu = 00:00:24 ; elapsed = 00:00:17 . Memory (MB): peak = 2920.793 ; gain = 0.000 ; free physical = 415 ; free virtual = 4888
Phase 7 Post Hold Fix | Checksum: 176e166c6

Time (s): cpu = 00:00:24 ; elapsed = 00:00:17 . Memory (MB): peak = 2920.793 ; gain = 0.000 ; free physical = 415 ; free virtual = 4888

Phase 8 Route finalize

Router Utilization Summary
  Global Vertical Routing Utilization    = 1.28195 %
  Global Horizontal Routing Utilization  = 1.41935 %
  Routable Net Status*
  *Does not include unroutable nets such as driverless and loadless.
  Run report_route_status for detailed report.
  Number of Failed Nets               = 0
    (Failed Nets is the sum of unrouted and partially routed nets)
  Number of Unrouted Nets             = 0
  Number of Partially Routed Nets     = 0
  Number of Node Overlaps             = 0


--GLOBAL Congestion:
Utilization threshold used for congestion level computation: 0.85
Congestion Report
North Dir 1x1 Area, Max Cong = 63.0631%, No Congested Regions.
South Dir 1x1 Area, Max Cong = 54.955%, No Congested Regions.
East Dir 1x1 Area, Max Cong = 60.2941%, No Congested Regions.
West Dir 1x1 Area, Max Cong = 67.6471%, No Congested Regions.

------------------------------
Reporting congestion hotspots
------------------------------
Direction: North
----------------
Congested clusters found at Level 0
Effective congestion level: 0 Aspect Ratio: 1 Sparse Ratio: 0
Direction: South
----------------
Congested clusters found at Level 0
Effective congestion level: 0 Aspect Ratio: 1 Sparse Ratio: 0
Direction: East
----------------
Congested clusters found at Level 0
Effective congestion level: 0 Aspect Ratio: 1 Sparse Ratio: 0
Direction: West
----------------
Congested clusters found at Level 0
Effective congestion level: 0 Aspect Ratio: 1 Sparse Ratio: 0

Phase 8 Route finalize | Checksum: 176e166c6

Time (s): cpu = 00:00:24 ; elapsed = 00:00:17 . Memory (MB): peak = 2920.793 ; gain = 0.000 ; free physical = 415 ; free virtual = 4888

Phase 9 Verifying routed nets

 Verification completed successfully
Phase 9 Verifying routed nets | Checksum: 176e166c6

Time (s): cpu = 00:00:24 ; elapsed = 00:00:17 . Memory (MB): peak = 2920.793 ; gain = 0.000 ; free physical = 415 ; free virtual = 4888

Phase 10 Depositing Routes
Phase 10 Depositing Routes | Checksum: 1b6cdfe61

Time (s): cpu = 00:00:25 ; elapsed = 00:00:17 . Memory (MB): peak = 2920.793 ; gain = 0.000 ; free physical = 415 ; free virtual = 4888

Phase 11 Post Process Routing
Phase 11 Post Process Routing | Checksum: 1b6cdfe61

Time (s): cpu = 00:00:25 ; elapsed = 00:00:17 . Memory (MB): peak = 2920.793 ; gain = 0.000 ; free physical = 415 ; free virtual = 4888

Phase 12 Post Router Timing
INFO: [Route 35-57] Estimated Timing Summary | WNS=-7.604 | TNS=-13623.898| WHS=0.389  | THS=0.000  |

WARNING: [Route 35-328] Router estimated timing not met.
Resolution: For a complete and accurate timing signoff, report_timing_summary must be run after route_design. Alternatively, route_design can be run with the -timing_summary option to enable a complete timing signoff at the end of route_design.
Phase 12 Post Router Timing | Checksum: 1b6cdfe61

Time (s): cpu = 00:00:25 ; elapsed = 00:00:17 . Memory (MB): peak = 2920.793 ; gain = 0.000 ; free physical = 415 ; free virtual = 4888
Total Elapsed time in route_design: 16.84 secs

Phase 13 Post-Route Event Processing
Phase 13 Post-Route Event Processing | Checksum: 1e45fc826

Time (s): cpu = 00:00:25 ; elapsed = 00:00:17 . Memory (MB): peak = 2920.793 ; gain = 0.000 ; free physical = 415 ; free virtual = 4888
INFO: [Route 35-16] Router Completed Successfully
Ending Routing Task | Checksum: 1e45fc826

Time (s): cpu = 00:00:25 ; elapsed = 00:00:17 . Memory (MB): peak = 2920.793 ; gain = 0.000 ; free physical = 415 ; free virtual = 4888

Routing Is Done.
INFO: [Common 17-83] Releasing license: Implementation
11 Infos, 1 Warnings, 0 Critical Warnings and 0 Errors encountered.
route_design completed successfully
route_design: Time (s): cpu = 00:00:25 ; elapsed = 00:00:17 . Memory (MB): peak = 2920.793 ; gain = 0.000 ; free physical = 415 ; free virtual = 4888
# write_bitstream -force processador.bit
Command: write_bitstream -force processador.bit
Attempting to get a license for feature 'Implementation' and/or device 'xc7z010'
INFO: [Common 17-349] Got license for feature 'Implementation' and/or device 'xc7z010'
Running DRC as a precondition to command write_bitstream
INFO: [IP_Flow 19-234] Refreshing IP repositories
INFO: [IP_Flow 19-1704] No user IP repositories specified
INFO: [IP_Flow 19-2313] Loaded Vivado IP repository '/opt/VV/Vivado/2024.2/data/ip'.
INFO: [DRC 23-27] Running DRC with 8 threads
INFO: [Vivado 12-3199] DRC finished with 0 Errors
INFO: [Vivado 12-3200] Please refer to the DRC report (report_drc) for more information.
INFO: [Designutils 20-2272] Running write_bitstream with 8 threads.
Loading data files...
Loading site data...
Loading route data...
Processing options...
Creating bitmap...
Creating bitstream...
Writing bitstream ./processador.bit...
INFO: [Vivado 12-1842] Bitgen Completed Successfully.
INFO: [Project 1-1876] WebTalk data collection is mandatory when using a ULT device. To see the specific WebTalk data collected for your design, open the usage_statistics_webtalk.html or usage_statistics_webtalk.xml file in the implementation directory.
INFO: [Common 17-83] Releasing license: Implementation
11 Infos, 0 Warnings, 0 Critical Warnings and 0 Errors encountered.
write_bitstream completed successfully
write_bitstream: Time (s): cpu = 00:00:12 ; elapsed = 00:00:15 . Memory (MB): peak = 3137.254 ; gain = 216.461 ; free physical = 160 ; free virtual = 4627
INFO: [Common 17-206] Exiting Vivado at Tue Jun  9 14:30:02 2026...
