#-----------------------------------------------------------
# Vivado v2024.2 (64-bit)
# SW Build 5239630 on Fri Nov 08 22:34:34 MST 2024
# IP Build 5239520 on Sun Nov 10 16:12:51 MST 2024
# SharedData Build 5239561 on Fri Nov 08 14:39:27 MST 2024
# Start of session at: Tue Jun  9 14:30:06 2026
# Process ID         : 339102
# Current directory  : /home/julio/UFC/SD/CODIGOS/CPU
# Command line       : vivado -mode batch -source program.tcl
# Log file           : /home/julio/UFC/SD/CODIGOS/CPU/vivado.log
# Journal file       : /home/julio/UFC/SD/CODIGOS/CPU/vivado.jou
# Running On         : julio-IdeaPad-1-15IAU7
# Platform           : Ubuntu
# Operating System   : Ubuntu 24.04.4 LTS
# Processor Detail   : 12th Gen Intel(R) Core(TM) i5-1235U
# CPU Frequency      : 513.785 MHz
# CPU Physical cores : 10
# CPU Logical cores  : 12
# Host memory        : 8036 MB
# Swap memory        : 4294 MB
# Total Virtual      : 12331 MB
# Available Virtual  : 6858 MB
#-----------------------------------------------------------
source program.tcl
# open_hw_manager
# connect_hw_server
INFO: [Labtools 27-2285] Connecting to hw_server url TCP:localhost:3121
INFO: [Labtools 27-2222] Launching hw_server...
INFO: [Labtools 27-2221] Launch Output:

****** Xilinx hw_server v2024.2
  **** Build date : Oct 29 2024 at 10:16:47
    ** Copyright 1986-2022 Xilinx, Inc. All Rights Reserved.


INFO: [Labtools 27-3415] Connecting to cs_server url TCP:localhost:0
INFO: [Labtools 27-3417] Launching cs_server...
INFO: [Labtools 27-2221] Launch Output:


******** Xilinx cs_server v2024.2.0
  ****** Build date   : Oct 30 2024-15:19:07
    **** Build number : 2024.2.1730312347
      ** Copyright 2017-2022 Xilinx, Inc. All Rights Reserved.
      ** Copyright 2022-2026 Advanced Micro Devices, Inc. All Rights Reserved.



# open_hw_target
INFO: [Labtoolstcl 44-466] Opening hw_target localhost:3121/xilinx_tcf/Digilent/210279787991A
# set device [lindex [get_hw_devices xc7z010_1] 0]
# current_hw_device $device
# set_property PROGRAM.FILE "processador.bit" $device
# program_hw_devices $device
INFO: [Labtools 27-3164] End of startup status: HIGH
# close_hw_manager
INFO: [Common 17-206] Exiting Vivado at Tue Jun  9 14:30:15 2026...
